{
  "RSpec": {
    "coverage": {
      "C:/project-MSE/TeamA_SheepQ/apps/api/app/models/user.rb": {
        "lines": [
          1,
          1,
          null,
          null,
          1,
          null,
          null,
          1,
          null,
          null,
          null
        ]
      },
      "C:/project-MSE/TeamA_SheepQ/apps/api/app/models/application_record.rb": {
        "lines": [
          1,
          1,
          null
        ]
      },
      "C:/project-MSE/TeamA_SheepQ/apps/api/app/controllers/auth_controller.rb": {
        "lines": [
          1,
          1,
          0,
          null,
          0,
          0,
          null,
          0,
          null,
          null,
          null,
          null,
          null,
          1,
          2,
          2,
          null,
          null,
          2,
          0,
          null,
          null,
          2,
          null,
          null,
          2,
          null,
          1,
          null,
          1,
          null,
          null,
          null,
          null,
          null,
          null,
          null,
          null,
          null,
          1,
          null,
          null,
          null,
          null,
          1,
          null,
          1,
          0,
          null,
          null
        ]
      },
      "C:/project-MSE/TeamA_SheepQ/apps/api/app/controllers/application_controller.rb": {
        "lines": [
          1,
          null
        ]
      },
      "C:/project-MSE/TeamA_SheepQ/apps/api/app/services/jwt_service.rb": {
        "lines": [
          1,
          1,
          null,
          1,
          1,
          1,
          1,
          null,
          1,
          null,
          null,
          1,
          0,
          0,
          0,
          null,
          null
        ]
      },
      "C:/project-MSE/TeamA_SheepQ/apps/api/app/controllers/admin/quizzes_controller.rb": {
        "lines": [
          null,
          null,
          0,
          0,
          null,
          0,
          0,
          0,
          0,
          null,
          null,
          0,
          0,
          0,
          null,
          null,
          0,
          0,
          0,
          null,
          null,
          0,
          0,
          0,
          null,
          0,
          0,
          0,
          null,
          0,
          0,
          null,
          0,
          0,
          0,
          0,
          0,
          0,
          0,
          0,
          0,
          null,
          0,
          0,
          0,
          0,
          0,
          0,
          0,
          null,
          0,
          0,
          null,
          0,
          0,
          0,
          0,
          0,
          0,
          0,
          0,
          null,
          null,
          0,
          0,
          0,
          0,
          null,
          null,
          0,
          null,
          0,
          0,
          0,
          0,
          null,
          0,
          0,
          0,
          null,
          0,
          0,
          0,
          0,
          null,
          0,
          null,
          0,
          0,
          0,
          0,
          0,
          0,
          0,
          null,
          0,
          0,
          0,
          null,
          null,
          0,
          null,
          0,
          0,
          0,
          0,
          0,
          0,
          0,
          0,
          null,
          0,
          0,
          null,
          0,
          0,
          0,
          0,
          0,
          0,
          null,
          null,
          null,
          null,
          0,
          0,
          0,
          0,
          0,
          0,
          0,
          0,
          0,
          null,
          0,
          null,
          0,
          0,
          0,
          0,
          0,
          0,
          0,
          0,
          0,
          0,
          null,
          0,
          0,
          0,
          0,
          0,
          0,
          0,
          0,
          0,
          0,
          null,
          null,
          null,
          null,
          null,
          0,
          0,
          0,
          null,
          0,
          0,
          0,
          null,
          0,
          0,
          0,
          0,
          0
        ],
        "branches": {}
      },
      "C:/project-MSE/TeamA_SheepQ/apps/api/app/controllers/quizzes_controller.rb": {
        "lines": [
          null,
          0,
          0,
          0,
          0,
          0,
          0,
          null,
          null,
          0,
          0,
          null,
          null,
          0,
          0,
          0,
          null,
          0,
          0,
          0,
          0,
          0,
          null,
          0,
          0,
          0,
          0,
          0
        ],
        "branches": {}
      },
      "C:/project-MSE/TeamA_SheepQ/apps/api/app/jobs/application_job.rb": {
        "lines": [
          0,
          null,
          null,
          null,
          null,
          null,
          0
        ],
        "branches": {}
      },
      "C:/project-MSE/TeamA_SheepQ/apps/api/app/mailers/application_mailer.rb": {
        "lines": [
          0,
          0,
          0,
          0
        ],
        "branches": {}
      },
      "C:/project-MSE/TeamA_SheepQ/apps/api/app/models/answer.rb": {
        "lines": [
          0,
          0,
          0,
          0,
          0,
          null,
          null,
          null,
          null,
          null,
          null
        ],
        "branches": {}
      },
      "C:/project-MSE/TeamA_SheepQ/apps/api/app/models/choice.rb": {
        "lines": [
          0,
          0,
          0,
          0,
          null,
          null
        ],
        "branches": {}
      },
      "C:/project-MSE/TeamA_SheepQ/apps/api/app/models/quiz.rb": {
        "lines": [
          0,
          0,
          0
        ],
        "branches": {}
      },
      "C:/project-MSE/TeamA_SheepQ/apps/api/app/models/quiz_attempt.rb": {
        "lines": [
          null,
          0,
          0,
          0,
          0,
          null,
          null,
          null,
          null,
          null,
          null,
          null
        ],
        "branches": {}
      }
    },
    "timestamp": 1769144169
  }
}
